app/build/intermediates/manifest_merge_blame_file/debug/manifest-merger-blame-debug-report.txt
1<?xml version="1.0" encoding="utf-8"?>
2<manifest xmlns:android="http://schemas.android.com/apk/res/android"
3    package="com.ego.restaurant"
4    android:versionCode="4"
5    android:versionName="4.0-sqlite" >
6
7    <uses-sdk
8        android:minSdkVersion="26"
9        android:targetSdkVersion="34" />
10
11    <permission
11-->[androidx.core:core:1.9.0] AndroidManifest.xml:22:5-24:47
12        android:name="com.ego.restaurant.DYNAMIC_RECEIVER_NOT_EXPORTED_PERMISSION"
12-->[androidx.core:core:1.9.0] AndroidManifest.xml:23:9-81
13        android:protectionLevel="signature" />
13-->[androidx.core:core:1.9.0] AndroidManifest.xml:24:9-44
14
15    <uses-permission android:name="com.ego.restaurant.DYNAMIC_RECEIVER_NOT_EXPORTED_PERMISSION" /> <!-- Không cần INTERNET - SQLite local only -->
15-->[androidx.core:core:1.9.0] AndroidManifest.xml:26:5-97
15-->[androidx.core:core:1.9.0] AndroidManifest.xml:26:22-94
16    <application
16-->src\main\AndroidManifest.xml:7:5-58:19
17        android:allowBackup="true"
17-->src\main\AndroidManifest.xml:8:9-35
18        android:appComponentFactory="androidx.core.app.CoreComponentFactory"
18-->[androidx.core:core:1.9.0] AndroidManifest.xml:28:18-86
19        android:debuggable="true"
20        android:extractNativeLibs="false"
21        android:icon="@android:drawable/sym_def_app_icon"
21-->src\main\AndroidManifest.xml:9:9-58
22        android:label="@string/app_name"
22-->src\main\AndroidManifest.xml:10:9-41
23        android:roundIcon="@android:drawable/sym_def_app_icon"
23-->src\main\AndroidManifest.xml:11:9-63
24        android:supportsRtl="true"
24-->src\main\AndroidManifest.xml:12:9-35
25        android:testOnly="true"
26        android:theme="@style/AppTheme" >
26-->src\main\AndroidManifest.xml:13:9-40
27
28        <!-- LAUNCHER -->
29        <activity
29-->src\main\AndroidManifest.xml:16:9-21:20
30            android:name="com.ego.restaurant.activities.LandingActivity"
30-->src\main\AndroidManifest.xml:16:19-61
31            android:exported="true" >
31-->src\main\AndroidManifest.xml:16:62-85
32            <intent-filter>
32-->src\main\AndroidManifest.xml:17:13-20:29
33                <action android:name="android.intent.action.MAIN" />
33-->src\main\AndroidManifest.xml:18:17-69
33-->src\main\AndroidManifest.xml:18:25-66
34
35                <category android:name="android.intent.category.LAUNCHER" />
35-->src\main\AndroidManifest.xml:19:17-77
35-->src\main\AndroidManifest.xml:19:27-74
36            </intent-filter>
37        </activity>
38
39        <!-- Nhóm 1: Auth -->
40        <activity android:name="com.ego.restaurant.activities.LoginActivity" />
40-->src\main\AndroidManifest.xml:24:9-62
40-->src\main\AndroidManifest.xml:24:19-59
41        <activity android:name="com.ego.restaurant.activities.RegisterActivity" />
41-->src\main\AndroidManifest.xml:25:9-65
41-->src\main\AndroidManifest.xml:25:19-62
42        <activity android:name="com.ego.restaurant.activities.ChangePasswordActivity" />
42-->src\main\AndroidManifest.xml:26:9-71
42-->src\main\AndroidManifest.xml:26:19-68
43        <activity
43-->src\main\AndroidManifest.xml:27:9-93
44            android:name="com.ego.restaurant.activities.ForceLogoutActivity"
44-->src\main\AndroidManifest.xml:27:19-65
45            android:noHistory="true" />
45-->src\main\AndroidManifest.xml:27:66-90
46
47        <!-- Nhóm 2-3: Khách & Member -->
48        <activity android:name="com.ego.restaurant.activities.CustomerActivity" />
48-->src\main\AndroidManifest.xml:30:9-65
48-->src\main\AndroidManifest.xml:30:19-62
49        <activity android:name="com.ego.restaurant.activities.MenuActivity" />
49-->src\main\AndroidManifest.xml:31:9-61
49-->src\main\AndroidManifest.xml:31:19-58
50        <activity android:name="com.ego.restaurant.activities.CartActivity" />
50-->src\main\AndroidManifest.xml:32:9-61
50-->src\main\AndroidManifest.xml:32:19-58
51        <activity android:name="com.ego.restaurant.activities.WaitingConfirmActivity" />
51-->src\main\AndroidManifest.xml:33:9-71
51-->src\main\AndroidManifest.xml:33:19-68
52        <activity android:name="com.ego.restaurant.activities.OrderTrackingActivity" />
52-->src\main\AndroidManifest.xml:34:9-70
52-->src\main\AndroidManifest.xml:34:19-67
53        <activity android:name="com.ego.restaurant.activities.BillPreviewActivity" />
53-->src\main\AndroidManifest.xml:35:9-68
53-->src\main\AndroidManifest.xml:35:19-65
54
55        <!-- Nhóm 4: Phục vụ -->
56        <activity android:name="com.ego.restaurant.activities.WaiterActivity" />
56-->src\main\AndroidManifest.xml:38:9-63
56-->src\main\AndroidManifest.xml:38:19-60
57
58        <!-- Nhóm 5: Bếp -->
59        <activity
59-->src\main\AndroidManifest.xml:41:9-42:52
60            android:name="com.ego.restaurant.activities.KitchenActivity"
60-->src\main\AndroidManifest.xml:41:19-61
61            android:screenOrientation="portrait" />
61-->src\main\AndroidManifest.xml:42:13-49
62        <activity android:name="com.ego.restaurant.activities.KitchenHistoryActivity" />
62-->src\main\AndroidManifest.xml:43:9-71
62-->src\main\AndroidManifest.xml:43:19-68
63
64        <!-- Nhóm 6: Nhân sự -->
65        <activity android:name="com.ego.restaurant.activities.AdminStaffActivity" />
65-->src\main\AndroidManifest.xml:46:9-67
65-->src\main\AndroidManifest.xml:46:19-64
66        <activity android:name="com.ego.restaurant.activities.AdminDashboardActivity" />
66-->src\main\AndroidManifest.xml:47:9-71
66-->src\main\AndroidManifest.xml:47:19-68
67        <activity android:name="com.ego.restaurant.activities.AdminFloorMapActivity" />
67-->src\main\AndroidManifest.xml:48:9-70
67-->src\main\AndroidManifest.xml:48:19-67
68        <activity android:name="com.ego.restaurant.activities.StaffProfileActivity" />
68-->src\main\AndroidManifest.xml:49:9-69
68-->src\main\AndroidManifest.xml:49:19-66
69        <activity android:name="com.ego.restaurant.activities.ScheduleActivity" />
69-->src\main\AndroidManifest.xml:50:9-65
69-->src\main\AndroidManifest.xml:50:19-62
70
71        <!-- Nhóm 7: Thực đơn & Báo cáo -->
72        <activity android:name="com.ego.restaurant.activities.MenuManagementActivity" />
72-->src\main\AndroidManifest.xml:53:9-71
72-->src\main\AndroidManifest.xml:53:19-68
73        <activity android:name="com.ego.restaurant.activities.AddEditMenuItemActivity" />
73-->src\main\AndroidManifest.xml:54:9-72
73-->src\main\AndroidManifest.xml:54:19-69
74        <activity android:name="com.ego.restaurant.activities.AnalyticsActivity" />
74-->src\main\AndroidManifest.xml:55:9-66
74-->src\main\AndroidManifest.xml:55:19-63
75        <activity android:name="com.ego.restaurant.activities.PromotionActivity" />
75-->src\main\AndroidManifest.xml:56:9-66
75-->src\main\AndroidManifest.xml:56:19-63
76
77        <provider
77-->[androidx.emoji2:emoji2:1.2.0] AndroidManifest.xml:24:9-32:20
78            android:name="androidx.startup.InitializationProvider"
78-->[androidx.emoji2:emoji2:1.2.0] AndroidManifest.xml:25:13-67
79            android:authorities="com.ego.restaurant.androidx-startup"
79-->[androidx.emoji2:emoji2:1.2.0] AndroidManifest.xml:26:13-68
80            android:exported="false" >
80-->[androidx.emoji2:emoji2:1.2.0] AndroidManifest.xml:27:13-37
81            <meta-data
81-->[androidx.emoji2:emoji2:1.2.0] AndroidManifest.xml:29:13-31:52
82                android:name="androidx.emoji2.text.EmojiCompatInitializer"
82-->[androidx.emoji2:emoji2:1.2.0] AndroidManifest.xml:30:17-75
83                android:value="androidx.startup" />
83-->[androidx.emoji2:emoji2:1.2.0] AndroidManifest.xml:31:17-49
84            <meta-data
84-->[androidx.lifecycle:lifecycle-process:2.6.1] AndroidManifest.xml:29:13-31:52
85                android:name="androidx.lifecycle.ProcessLifecycleInitializer"
85-->[androidx.lifecycle:lifecycle-process:2.6.1] AndroidManifest.xml:30:17-78
86                android:value="androidx.startup" />
86-->[androidx.lifecycle:lifecycle-process:2.6.1] AndroidManifest.xml:31:17-49
87            <meta-data
87-->[androidx.profileinstaller:profileinstaller:1.3.0] AndroidManifest.xml:29:13-31:52
88                android:name="androidx.profileinstaller.ProfileInstallerInitializer"
88-->[androidx.profileinstaller:profileinstaller:1.3.0] AndroidManifest.xml:30:17-85
89                android:value="androidx.startup" />
89-->[androidx.profileinstaller:profileinstaller:1.3.0] AndroidManifest.xml:31:17-49
90        </provider>
91
92        <receiver
92-->[androidx.profileinstaller:profileinstaller:1.3.0] AndroidManifest.xml:34:9-52:20
93            android:name="androidx.profileinstaller.ProfileInstallReceiver"
93-->[androidx.profileinstaller:profileinstaller:1.3.0] AndroidManifest.xml:35:13-76
94            android:directBootAware="false"
94-->[androidx.profileinstaller:profileinstaller:1.3.0] AndroidManifest.xml:36:13-44
95            android:enabled="true"
95-->[androidx.profileinstaller:profileinstaller:1.3.0] AndroidManifest.xml:37:13-35
96            android:exported="true"
96-->[androidx.profileinstaller:profileinstaller:1.3.0] AndroidManifest.xml:38:13-36
97            android:permission="android.permission.DUMP" >
97-->[androidx.profileinstaller:profileinstaller:1.3.0] AndroidManifest.xml:39:13-57
98            <intent-filter>
98-->[androidx.profileinstaller:profileinstaller:1.3.0] AndroidManifest.xml:40:13-42:29
99                <action android:name="androidx.profileinstaller.action.INSTALL_PROFILE" />
99-->[androidx.profileinstaller:profileinstaller:1.3.0] AndroidManifest.xml:41:17-91
99-->[androidx.profileinstaller:profileinstaller:1.3.0] AndroidManifest.xml:41:25-88
100            </intent-filter>
101            <intent-filter>
101-->[androidx.profileinstaller:profileinstaller:1.3.0] AndroidManifest.xml:43:13-45:29
102                <action android:name="androidx.profileinstaller.action.SKIP_FILE" />
102-->[androidx.profileinstaller:profileinstaller:1.3.0] AndroidManifest.xml:44:17-85
102-->[androidx.profileinstaller:profileinstaller:1.3.0] AndroidManifest.xml:44:25-82
103            </intent-filter>
104            <intent-filter>
104-->[androidx.profileinstaller:profileinstaller:1.3.0] AndroidManifest.xml:46:13-48:29
105                <action android:name="androidx.profileinstaller.action.SAVE_PROFILE" />
105-->[androidx.profileinstaller:profileinstaller:1.3.0] AndroidManifest.xml:47:17-88
105-->[androidx.profileinstaller:profileinstaller:1.3.0] AndroidManifest.xml:47:25-85
106            </intent-filter>
107            <intent-filter>
107-->[androidx.profileinstaller:profileinstaller:1.3.0] AndroidManifest.xml:49:13-51:29
108                <action android:name="androidx.profileinstaller.action.BENCHMARK_OPERATION" />
108-->[androidx.profileinstaller:profileinstaller:1.3.0] AndroidManifest.xml:50:17-95
108-->[androidx.profileinstaller:profileinstaller:1.3.0] AndroidManifest.xml:50:25-92
109            </intent-filter>
110        </receiver>
111    </application>
112
113</manifest>